<?xml version="1.0" encoding="UTF-8"?>
<!-- Generated by org.testng.reporters.JUnitXMLReporter -->
<testsuite hostname="DESKTOP-PB3FEPJ" ignored="0" name="ToolsQA" tests="3" failures="1" timestamp="07 Nov 2020 20:04:15 GMT" time="27.107" errors="0">
  <testcase name="f" time="18.372" classname="TestClasses.TestNG"/>
  <testcase name="GetEmployeeDetails" time="4.498" classname="RestAussuredLearning.SimpleGetTest"/>
  <testcase name="GetEmployeeDetails" time="2.05" classname="RestAussuredLearning.SimplePostTest">
    <failure type="java.lang.AssertionError" message="expected [200] but found [200]">
      <![CDATA[java.lang.AssertionError: expected [200] but found [200]
at RestAussuredLearning.SimplePostTest.GetEmployeeDetails(SimplePostTest.java:39)
... Removed 30 stack frames]]>
    </failure>
  </testcase> <!-- GetEmployeeDetails -->
</testsuite> <!-- ToolsQA -->
